{
  "stats": {
    "suites": 1,
    "tests": 1,
    "passes": 1,
    "pending": 0,
    "failures": 0,
    "start": "2022-06-06T07:03:48.240Z",
    "end": "2022-06-06T07:04:12.563Z",
    "duration": 24323,
    "testsRegistered": 1,
    "passPercent": 100,
    "pendingPercent": 0,
    "other": 0,
    "hasOther": false,
    "skipped": 0,
    "hasSkipped": false
  },
  "results": [
    {
      "uuid": "f3502122-ce8a-4964-bb2f-0ba251e8205d",
      "title": "",
      "fullFile": "cypress\\e2e\\addressSearch.cy.js",
      "file": "cypress\\e2e\\addressSearch.cy.js",
      "beforeHooks": [],
      "afterHooks": [],
      "tests": [],
      "suites": [
        {
          "uuid": "0acd72c8-5174-4a2b-a23f-39ed1c14bfc7",
          "title": "E2E test for Address eligibility check",
          "fullFile": "",
          "file": "",
          "beforeHooks": [],
          "afterHooks": [],
          "tests": [
            {
              "title": "Check if Address is eligible for InternetPlans",
              "fullTitle": "E2E test for Address eligibility check Check if Address is eligible for InternetPlans",
              "timedOut": null,
              "duration": 21600,
              "state": "passed",
              "speed": "slow",
              "pass": true,
              "fail": false,
              "pending": false,
              "context": null,
              "code": "const hompage = new _HomePage.default();\nconst internetplanspage = new _InternetPlansPage.default();\nconst addresssearchpage = new _AddressSearchPage.default();\nconst eligibilitychecksuccesspage = new _EligibilityCheckSuccessPage.default();\ncy.visit(Cypress.env('url'));\ncy.title().should('include', data.HomePageTitle);\ncy.scrollTo(0, 500);\nhompage.getInternetPlansButton().click({\n  force: true\n});\ncy.title().should('include', data.InternetPlansPageTitle);\ninternetplanspage.getCheckAddressButton().click();\naddresssearchpage.getAddressInput().type(data.TestAddress);\naddresssearchpage.getAddressList().should('be.visible').then(() => {\n  cy.searchAddress(data.TestAddress);\n});\ncy.wait(2000);\naddresssearchpage.getCheckAddressButton().click();\neligibilitychecksuccesspage.getSeccussMessage().should('have.text', data.eligibilityChecksuccessfulMessage);",
              "err": {},
              "uuid": "df72cd5b-2036-4012-807d-3e1c28918158",
              "parentUUID": "0acd72c8-5174-4a2b-a23f-39ed1c14bfc7",
              "isHook": false,
              "skipped": false
            }
          ],
          "suites": [],
          "passes": [
            "df72cd5b-2036-4012-807d-3e1c28918158"
          ],
          "failures": [],
          "pending": [],
          "skipped": [],
          "duration": 21600,
          "root": false,
          "rootEmpty": false,
          "_timeout": 2000
        }
      ],
      "passes": [],
      "failures": [],
      "pending": [],
      "skipped": [],
      "duration": 0,
      "root": true,
      "rootEmpty": true,
      "_timeout": 2000
    }
  ],
  "meta": {
    "mocha": {
      "version": "7.0.1"
    },
    "mochawesome": {
      "options": {
        "quiet": false,
        "reportFilename": "mochawesome",
        "saveHtml": false,
        "saveJson": true,
        "consoleReporter": "spec",
        "useInlineDiffs": false,
        "code": true
      },
      "version": "7.1.3"
    },
    "marge": {
      "options": {
        "reportDir": "'cypress/results'",
        "overwrite": false,
        "html": false,
        "json": true
      },
      "version": "6.2.0"
    }
  }
}